<?xml version="1.0" encoding="UTF-8"?>
<!-- Generated by org.testng.reporters.JUnitReportReporter -->
<testsuite hostname="DESKTOP-FMECLGK" failures="0" tests="1" name="Amazon.India.Amazon_Home" time="0.516" errors="0" timestamp="2024-10-08T00:40:18 IST" skipped="0">
  <testcase classname="Amazon.India.Amazon_Home" name="verifyMenu" time="0.516"/>
</testsuite> <!-- Amazon.India.Amazon_Home -->
